2020-03-18 20:14:15,394 INFO o.s.b.StartupInfoLogger [main] Starting Mission7Application on CPX-6HMEUOXA8PX with PID 1928 (C:\Users\serene.chng.khoo\Desktop\DevTraining\Mission7\target\classes started by serene.chng.khoo in C:\Users\serene.chng.khoo\Desktop\DevTraining\Mission7)
2020-03-18 20:14:15,425 DEBUG o.s.b.StartupInfoLogger [main] Running with Spring Boot v2.2.4.RELEASE, Spring v5.2.3.RELEASE
2020-03-18 20:14:15,427 INFO o.s.b.SpringApplication [main] The following profiles are active: default
2020-03-18 20:14:17,397 INFO o.s.d.r.c.RepositoryConfigurationDelegate [main] Bootstrapping Spring Data JPA repositories in DEFAULT mode.
2020-03-18 20:14:17,472 INFO o.s.d.r.c.RepositoryConfigurationDelegate [main] Finished Spring Data repository scanning in 46ms. Found 0 JPA repository interfaces.
2020-03-18 20:14:18,130 INFO o.s.c.s.PostProcessorRegistrationDelegate$BeanPostProcessorChecker [main] Bean 'org.springframework.transaction.annotation.ProxyTransactionManagementConfiguration' of type [org.springframework.transaction.annotation.ProxyTransactionManagementConfiguration] is not eligible for getting processed by all BeanPostProcessors (for example: not eligible for auto-proxying)
2020-03-18 20:14:18,588 INFO o.s.b.w.e.t.TomcatWebServer [main] Tomcat initialized with port(s): 8080 (http)
2020-03-18 20:14:18,605 INFO o.a.j.l.DirectJDKLog [main] Initializing ProtocolHandler ["http-nio-8080"]
2020-03-18 20:14:18,607 INFO o.a.j.l.DirectJDKLog [main] Starting service [Tomcat]
2020-03-18 20:14:18,609 INFO o.a.j.l.DirectJDKLog [main] Starting Servlet engine: [Apache Tomcat/9.0.30]
2020-03-18 20:14:18,808 INFO o.a.j.l.DirectJDKLog [main] Initializing Spring embedded WebApplicationContext
2020-03-18 20:14:18,809 INFO o.s.b.w.s.c.ServletWebServerApplicationContext [main] Root WebApplicationContext: initialization completed in 3277 ms
2020-03-18 20:14:18,983 INFO c.z.h.HikariDataSource [main] HikariPool-1 - Starting...
2020-03-18 20:14:19,568 INFO c.z.h.HikariDataSource [main] HikariPool-1 - Start completed.
2020-03-18 20:14:19,817 INFO o.h.j.i.u.LogHelper [main] HHH000204: Processing PersistenceUnitInfo [name: default]
2020-03-18 20:14:20,055 INFO o.h.Version [main] HHH000412: Hibernate Core {5.4.10.Final}
2020-03-18 20:14:20,409 INFO o.h.a.c.r.j.JavaReflectionManager [main] HCANN000001: Hibernate Commons Annotations {5.1.0.Final}
2020-03-18 20:14:20,715 INFO o.h.d.Dialect [main] HHH000400: Using dialect: org.hibernate.dialect.MySQL8Dialect
2020-03-18 20:14:21,377 INFO o.h.e.t.j.p.i.JtaPlatformInitiator [main] HHH000490: Using JtaPlatform implementation: [org.hibernate.engine.transaction.jta.platform.internal.NoJtaPlatform]
2020-03-18 20:14:21,388 INFO o.s.o.j.AbstractEntityManagerFactoryBean [main] Initialized JPA EntityManagerFactory for persistence unit 'default'
2020-03-18 20:14:21,531 WARN o.s.b.a.o.j.JpaBaseConfiguration$JpaWebConfiguration [main] spring.jpa.open-in-view is enabled by default. Therefore, database queries may be performed during view rendering. Explicitly configure spring.jpa.open-in-view to disable this warning
2020-03-18 20:14:21,782 INFO o.s.s.c.ExecutorConfigurationSupport [main] Initializing ExecutorService 'applicationTaskExecutor'
2020-03-18 20:14:22,397 INFO o.a.j.l.DirectJDKLog [main] Starting ProtocolHandler ["http-nio-8080"]
2020-03-18 20:14:22,442 INFO o.s.b.w.e.t.TomcatWebServer [main] Tomcat started on port(s): 8080 (http) with context path ''
2020-03-18 20:14:22,444 INFO o.s.b.StartupInfoLogger [main] Started Mission7Application in 8.046 seconds (JVM running for 10.097)
2020-03-18 20:14:27,466 INFO o.a.j.l.DirectJDKLog [http-nio-8080-exec-1] Initializing Spring DispatcherServlet 'dispatcherServlet'
2020-03-18 20:14:27,468 INFO o.s.w.s.FrameworkServlet [http-nio-8080-exec-1] Initializing Servlet 'dispatcherServlet'
2020-03-18 20:14:27,487 INFO o.s.w.s.FrameworkServlet [http-nio-8080-exec-1] Completed initialization in 17 ms
2020-03-18 20:14:27,688 INFO c.e.M.C.PetController [http-nio-8080-exec-1] User with ID:2 has just accessed create pet function
2020-03-18 20:15:25,848 INFO c.e.M.C.PetController [http-nio-8080-exec-3] User with ID:3 has just accessed count pet function
